[    0.000000] Initializing cgroup subsys cpuset
[    0.000000] Initializing cgroup subsys cpu
[    0.000000] Initializing cgroup subsys cpuacct
[    0.000000] Linux version 4.4.0-169-generic (buildd@lgw01-amd64-038) (gcc version 5.4.0 20160609 (Ubuntu 5.4.0-6ubuntu1~16.04.12) ) #198-Ubuntu SMP Tue Nov 12 10:38:00 UTC 2019 (Ubuntu 4.4.0-169.198-generic 4.4.197)
[    0.000000] Command line: BOOT_IMAGE=/boot/vmlinuz-4.4.0-169-generic root=LABEL=cloudimg-rootfs ro console=tty1 console=ttyS0
[    0.000000] KERNEL supported cpus:
[    0.000000]   Intel GenuineIntel
[    0.000000]   AMD AuthenticAMD
[    0.000000]   Centaur CentaurHauls
[    0.000000] x86/fpu: xstate_offset[2]:  576, xstate_sizes[2]:  256
[    0.000000] x86/fpu: Supporting XSAVE feature 0x01: 'x87 floating point registers'
[    0.000000] x86/fpu: Supporting XSAVE feature 0x02: 'SSE registers'
[    0.000000] x86/fpu: Supporting XSAVE feature 0x04: 'AVX registers'
[    0.000000] x86/fpu: Enabled xstate features 0x7, context size is 832 bytes, using 'standard' format.
[    0.000000] e820: BIOS-provided physical RAM map:
[    0.000000] BIOS-e820: [mem 0x0000000000000000-0x000000000009fbff] usable
[    0.000000] BIOS-e820: [mem 0x000000000009fc00-0x000000000009ffff] reserved
[    0.000000] BIOS-e820: [mem 0x00000000000f0000-0x00000000000fffff] reserved
[    0.000000] BIOS-e820: [mem 0x0000000000100000-0x000000003ffeffff] usable
[    0.000000] BIOS-e820: [mem 0x000000003fff0000-0x000000003fffffff] ACPI data
[    0.000000] BIOS-e820: [mem 0x00000000fec00000-0x00000000fec00fff] reserved
[    0.000000] BIOS-e820: [mem 0x00000000fee00000-0x00000000fee00fff] reserved
[    0.000000] BIOS-e820: [mem 0x00000000fffc0000-0x00000000ffffffff] reserved
[    0.000000] NX (Execute Disable) protection: active
[    0.000000] SMBIOS 2.5 present.
[    0.000000] Hypervisor detected: KVM
[    0.000000] e820: last_pfn = 0x3fff0 max_arch_pfn = 0x400000000
[    0.000000] MTRR: Disabled
[    0.000000] x86/PAT: MTRRs disabled, skipping PAT initialization too.
[    0.000000] CPU MTRRs all blank - virtualized system.
[    0.000000] x86/PAT: Configuration [0-7]: WB  WT  UC- UC  WB  WT  UC- UC  
[    0.000000] found SMP MP-table at [mem 0x0009fff0-0x0009ffff] mapped at [ffff88000009fff0]
[    0.000000] Scanning 1 areas for low memory corruption
[    0.000000] RAMDISK: [mem 0x362f2000-0x37170fff]
[    0.000000] ACPI: Early table checksum verification disabled
[    0.000000] ACPI: RSDP 0x00000000000E0000 000024 (v02 VBOX  )
[    0.000000] ACPI: XSDT 0x000000003FFF0030 00003C (v01 VBOX   VBOXXSDT 00000001 ASL  00000061)
[    0.000000] ACPI: FACP 0x000000003FFF00F0 0000F4 (v04 VBOX   VBOXFACP 00000001 ASL  00000061)
[    0.000000] ACPI: DSDT 0x000000003FFF0470 0022EA (v02 VBOX   VBOXBIOS 00000002 INTL 20100528)
[    0.000000] ACPI: FACS 0x000000003FFF0200 000040
[    0.000000] ACPI: FACS 0x000000003FFF0200 000040
[    0.000000] ACPI: APIC 0x000000003FFF0240 00005C (v02 VBOX   VBOXAPIC 00000001 ASL  00000061)
[    0.000000] ACPI: SSDT 0x000000003FFF02A0 0001CC (v01 VBOX   VBOXCPUT 00000002 INTL 20100528)
[    0.000000] No NUMA configuration found
[    0.000000] Faking a node at [mem 0x0000000000000000-0x000000003ffeffff]
[    0.000000] NODE_DATA(0) allocated [mem 0x3ffeb000-0x3ffeffff]
[    0.000000] kvm-clock: Using msrs 4b564d01 and 4b564d00
[    0.000000] kvm-clock: cpu 0, msr 0:3ffe3001, primary cpu clock
[    0.000000] kvm-clock: using sched offset of 3629078284 cycles
[    0.000000] clocksource: kvm-clock: mask: 0xffffffffffffffff max_cycles: 0x1cd42e4dffb, max_idle_ns: 881590591483 ns
[    0.000000] Zone ranges:
[    0.000000]   DMA      [mem 0x0000000000001000-0x0000000000ffffff]
[    0.000000]   DMA32    [mem 0x0000000001000000-0x000000003ffeffff]
[    0.000000]   Normal   empty
[    0.000000]   Device   empty
[    0.000000] Movable zone start for each node
[    0.000000] Early memory node ranges
[    0.000000]   node   0: [mem 0x0000000000001000-0x000000000009efff]
[    0.000000]   node   0: [mem 0x0000000000100000-0x000000003ffeffff]
[    0.000000] Initmem setup node 0 [mem 0x0000000000001000-0x000000003ffeffff]
[    0.000000] ACPI: PM-Timer IO Port: 0x4008
[    0.000000] IOAPIC[0]: apic_id 2, version 32, address 0xfec00000, GSI 0-23
[    0.000000] ACPI: INT_SRC_OVR (bus 0 bus_irq 0 global_irq 2 dfl dfl)
[    0.000000] ACPI: INT_SRC_OVR (bus 0 bus_irq 9 global_irq 9 low level)
[    0.000000] Using ACPI (MADT) for SMP configuration information
[    0.000000] smpboot: Allowing 2 CPUs, 0 hotplug CPUs
[    0.000000] PM: Registered nosave memory: [mem 0x00000000-0x00000fff]
[    0.000000] PM: Registered nosave memory: [mem 0x0009f000-0x0009ffff]
[    0.000000] PM: Registered nosave memory: [mem 0x000a0000-0x000effff]
[    0.000000] PM: Registered nosave memory: [mem 0x000f0000-0x000fffff]
[    0.000000] e820: [mem 0x40000000-0xfebfffff] available for PCI devices
[    0.000000] Booting paravirtualized kernel on KVM
[    0.000000] clocksource: refined-jiffies: mask: 0xffffffff max_cycles: 0xffffffff, max_idle_ns: 7645519600211568 ns
[    0.000000] setup_percpu: NR_CPUS:512 nr_cpumask_bits:512 nr_cpu_ids:2 nr_node_ids:1
[    0.000000] PERCPU: Embedded 33 pages/cpu @ffff88003fc00000 s95448 r8192 d31528 u1048576
[    0.000000] Built 1 zonelists in Node order, mobility grouping on.  Total pages: 257912
[    0.000000] Policy zone: DMA32
[    0.000000] Kernel command line: BOOT_IMAGE=/boot/vmlinuz-4.4.0-169-generic root=LABEL=cloudimg-rootfs ro console=tty1 console=ttyS0
[    0.000000] PID hash table entries: 4096 (order: 3, 32768 bytes)
[    0.000000] Memory: 997712K/1048120K available (8623K kernel code, 1336K rwdata, 4036K rodata, 1488K init, 1288K bss, 50408K reserved, 0K cma-reserved)
[    0.000000] SLUB: HWalign=64, Order=0-3, MinObjects=0, CPUs=2, Nodes=1
[    0.000000] Kernel/User page tables isolation: enabled
[    0.000000] Hierarchical RCU implementation.
[    0.000000] 	Build-time adjustment of leaf fanout to 64.
[    0.000000] 	RCU restricting CPUs from NR_CPUS=512 to nr_cpu_ids=2.
[    0.000000] RCU: Adjusting geometry for rcu_fanout_leaf=64, nr_cpu_ids=2
[    0.000000] NR_IRQS:33024 nr_irqs:440 16
[    0.000000] Console: colour VGA+ 80x25
[    0.000000] console [tty1] enabled
[    0.000000] console [ttyS0] enabled
[    0.000000] tsc: Detected 2693.860 MHz processor
[    0.195419] Calibrating delay loop (skipped) preset value.. 5387.72 BogoMIPS (lpj=10775440)
[    0.198054] pid_max: default: 32768 minimum: 301
[    0.199502] ACPI: Core revision 20150930
[    0.201540] ACPI: 2 ACPI AML tables successfully acquired and loaded
[    0.203613] Security Framework initialized
[    0.204849] Yama: becoming mindful.
[    0.205980] AppArmor: AppArmor initialized
[    0.208104] Dentry cache hash table entries: 131072 (order: 8, 1048576 bytes)
[    0.212653] Inode-cache hash table entries: 65536 (order: 7, 524288 bytes)
[    0.215007] Mount-cache hash table entries: 2048 (order: 2, 16384 bytes)
[    0.217189] Mountpoint-cache hash table entries: 2048 (order: 2, 16384 bytes)
[    0.219553] Initializing cgroup subsys io
[    0.220842] Initializing cgroup subsys memory
[    0.222226] Initializing cgroup subsys devices
[    0.223627] Initializing cgroup subsys freezer
[    0.224976] Initializing cgroup subsys net_cls
[    0.226464] Initializing cgroup subsys perf_event
[    0.227874] Initializing cgroup subsys net_prio
[    0.229251] Initializing cgroup subsys hugetlb
[    0.230725] Initializing cgroup subsys pids
[    0.232387] mce: CPU supports 0 MCE banks
[    0.233647] Last level iTLB entries: 4KB 512, 2MB 8, 4MB 8
[    0.235288] Last level dTLB entries: 4KB 512, 2MB 32, 4MB 32, 1GB 0
[    0.237132] Spectre V1 : Mitigation: usercopy/swapgs barriers and __user pointer sanitization
[    0.239894] Spectre V2 : Mitigation: Full generic retpoline
[    0.241536] Spectre V2 : Spectre v2 / SpectreRSB mitigation: Filling RSB on context switch
[    0.244096] Speculative Store Bypass: Vulnerable
[    0.245686] MDS: Mitigation: Clear CPU buffers
[    0.249824] Freeing SMP alternatives memory: 36K
[    0.257223] ftrace: allocating 32301 entries in 127 pages
[    0.317140] smpboot: APIC(0) Converting physical 0 to logical package 0
[    0.319132] smpboot: Max logical packages: 1
[    0.320676] x2apic enabled
[    0.322727] Switched APIC routing to physical x2apic.
[    0.326595] ..TIMER: vector=0x30 apic1=0 pin1=2 apic2=-1 pin2=-1
[    0.436687] smpboot: CPU0: Intel(R) Core(TM) i7-3740QM CPU @ 2.70GHz (family: 0x6, model: 0x3a, stepping: 0x9)
[    0.440069] Performance Events: unsupported p6 CPU model 58 no PMU driver, software events only.
[    0.453343] KVM setup paravirtual spinlock
[    0.455346] x86: Booting SMP configuration:
[    0.456694] .... node  #0, CPUs:      #1
[    0.458056] kvm-clock: cpu 1, msr 0:3ffe3041, secondary cpu clock
[    0.459863] mce: CPU supports 0 MCE banks
[    0.462925] x86: Booted up 1 node, 2 CPUs
[    0.464610] smpboot: Total of 2 processors activated (10775.44 BogoMIPS)
[    0.466989] devtmpfs: initialized
[    0.469645] evm: security.selinux
[    0.470896] evm: security.SMACK64
[    0.472029] evm: security.SMACK64EXEC
[    0.473221] evm: security.SMACK64TRANSMUTE
[    0.474507] evm: security.SMACK64MMAP
[    0.475718] evm: security.ima
[    0.476764] evm: security.capability
[    0.478106] clocksource: jiffies: mask: 0xffffffff max_cycles: 0xffffffff, max_idle_ns: 7645041785100000 ns
[    0.481040] futex hash table entries: 512 (order: 3, 32768 bytes)
[    0.482947] pinctrl core: initialized pinctrl subsystem
[    0.484614] RTC time:  9:35:41, date: 11/17/19
[    0.486145] NET: Registered protocol family 16
[    0.496284] cpuidle: using governor ladder
[    0.508789] cpuidle: using governor menu
[    0.510199] PCCT header not found.
[    0.511394] ACPI: bus type PCI registered
[    0.512713] acpiphp: ACPI Hot Plug PCI Controller Driver version: 0.5
[    0.514665] PCI: Using configuration type 1 for base access
[    0.529175] ACPI: Added _OSI(Module Device)
[    0.530510] ACPI: Added _OSI(Processor Device)
[    0.531889] ACPI: Added _OSI(3.0 _SCP Extensions)
[    0.533317] ACPI: Added _OSI(Processor Aggregator Device)
[    0.535787] ACPI: Executed 1 blocks of module-level executable AML code
[    0.540012] ACPI: Interpreter enabled
[    0.541204] ACPI: (supports S0 S5)
[    0.542303] ACPI: Using IOAPIC for interrupt routing
[    0.543959] PCI: Using host bridge windows from ACPI; if necessary, use "pci=nocrs" and report a bug
[    0.551245] ACPI: PCI Root Bridge [PCI0] (domain 0000 [bus 00-ff])
[    0.553079] acpi PNP0A03:00: _OSC: OS supports [ASPM ClockPM Segments MSI]
[    0.555417] acpi PNP0A03:00: _OSC: not requesting OS control; OS requires [ExtendedConfig ASPM ClockPM MSI]
[    0.558556] acpi PNP0A03:00: fail to add MMCONFIG information, can't access extended PCI configuration space under this bridge.
[    0.562452] PCI host bridge to bus 0000:00
[    0.563792] pci_bus 0000:00: root bus resource [io  0x0000-0x0cf7 window]
[    0.565702] pci_bus 0000:00: root bus resource [io  0x0d00-0xffff window]
[    0.567696] pci_bus 0000:00: root bus resource [mem 0x000a0000-0x000bffff window]
[    0.570064] pci_bus 0000:00: root bus resource [mem 0x40000000-0xfdffffff window]
[    0.572536] pci_bus 0000:00: root bus resource [bus 00-ff]
[    0.577847] pci 0000:00:01.1: legacy IDE quirk: reg 0x10: [io  0x01f0-0x01f7]
[    0.579944] pci 0000:00:01.1: legacy IDE quirk: reg 0x14: [io  0x03f6]
[    0.581773] pci 0000:00:01.1: legacy IDE quirk: reg 0x18: [io  0x0170-0x0177]
[    0.583847] pci 0000:00:01.1: legacy IDE quirk: reg 0x1c: [io  0x0376]
[    0.612257] pci 0000:00:07.0: quirk: [io  0x4000-0x403f] claimed by PIIX4 ACPI
[    0.614512] pci 0000:00:07.0: quirk: [io  0x4100-0x410f] claimed by PIIX4 SMB
[    0.627427] ACPI: PCI Interrupt Link [LNKA] (IRQs 5 9 10 *11)
[    0.629776] ACPI: PCI Interrupt Link [LNKB] (IRQs 5 9 *10 11)
[    0.632011] ACPI: PCI Interrupt Link [LNKC] (IRQs 5 *9 10 11)
[    0.634171] ACPI: PCI Interrupt Link [LNKD] (IRQs 5 9 10 *11)
[    0.636564] ACPI: Enabled 2 GPEs in block 00 to 07
[    0.638599] vgaarb: setting as boot device: PCI:0000:00:02.0
[    0.640303] vgaarb: device added: PCI:0000:00:02.0,decodes=io+mem,owns=io+mem,locks=none
[    0.642908] vgaarb: loaded
[    0.643832] vgaarb: bridge control possible 0000:00:02.0
[    0.645629] SCSI subsystem initialized
[    0.647124] ACPI: bus type USB registered
[    0.648383] usbcore: registered new interface driver usbfs
[    0.649995] usbcore: registered new interface driver hub
[    0.651597] usbcore: registered new device driver usb
[    0.653442] PCI: Using ACPI for IRQ routing
[    0.655291] NetLabel: Initializing
[    0.656609] NetLabel:  domain hash size = 128
[    0.657924] NetLabel:  protocols = UNLABELED CIPSOv4
[    0.660969] NetLabel:  unlabeled traffic allowed by default
[    0.662854] amd_nb: Cannot enumerate AMD northbridges
[    0.664529] clocksource: Switched to clocksource kvm-clock
[    0.674280] AppArmor: AppArmor Filesystem Enabled
[    0.675816] pnp: PnP ACPI init
[    0.678191] pnp: PnP ACPI: found 3 devices
[    0.689591] clocksource: acpi_pm: mask: 0xffffff max_cycles: 0xffffff, max_idle_ns: 2085701024 ns
[    0.692192] NET: Registered protocol family 2
[    0.693732] TCP established hash table entries: 8192 (order: 4, 65536 bytes)
[    0.695810] TCP bind hash table entries: 8192 (order: 5, 131072 bytes)
[    0.697729] TCP: Hash tables configured (established 8192 bind 8192)
[    0.699549] UDP hash table entries: 512 (order: 2, 16384 bytes)
[    0.701308] UDP-Lite hash table entries: 512 (order: 2, 16384 bytes)
[    0.703178] NET: Registered protocol family 1
[    0.704555] pci 0000:00:00.0: Limiting direct PCI/PCI transfers
[    0.706342] pci 0000:00:01.0: Activating ISA DMA hang workarounds
[    0.708300] Unpacking initramfs...
[    0.912042] Freeing initrd memory: 14844K
[    0.913635] RAPL PMU detected, API unit is 2^-32 Joules, 3 fixed counters 10737418240 ms ovfl timer
[    0.916253] hw unit of domain pp0-core 2^-0 Joules
[    0.917727] hw unit of domain package 2^-0 Joules
[    0.919107] hw unit of domain pp1-gpu 2^-0 Joules
[    0.920536] clocksource: tsc: mask: 0xffffffffffffffff max_cycles: 0x26d495e7549, max_idle_ns: 440795226485 ns
[    0.923457] platform rtc_cmos: registered platform RTC device (no PNP device found)
[    0.925819] Scanning for low memory corruption every 60 seconds
[    0.927971] audit: initializing netlink subsys (disabled)
[    0.929570] audit: type=2000 audit(1573983346.498:1): initialized
[    0.931508] Initialise system trusted keyring
[    0.933176] HugeTLB registered 2 MB page size, pre-allocated 0 pages
[    0.936089] zbud: loaded
[    0.937534] VFS: Disk quotas dquot_6.6.0
[    0.938846] VFS: Dquot-cache hash table entries: 512 (order 0, 4096 bytes)
[    0.941018] squashfs: version 4.0 (2009/01/31) Phillip Lougher
[    0.943070] fuse init (API version 7.23)
[    0.944391] Key type big_key registered
[    0.945670] Allocating IMA MOK and blacklist keyrings.
[    0.948707] Key type asymmetric registered
[    0.949973] Asymmetric key parser 'x509' registered
[    0.951405] Block layer SCSI generic (bsg) driver version 0.4 loaded (major 249)
[    0.953868] io scheduler noop registered
[    0.955400] io scheduler deadline registered (default)
[    0.957155] io scheduler cfq registered
[    0.958426] pci_hotplug: PCI Hot Plug PCI Core version: 0.5
[    0.960061] pciehp: PCI Express Hot Plug Controller Driver version: 0.4
[    0.962386] ACPI: AC Adapter [AC] (on-line)
[    0.963732] input: Power Button as /devices/LNXSYSTM:00/LNXPWRBN:00/input/input0
[    0.966087] ACPI: Power Button [PWRF]
[    0.967358] input: Sleep Button as /devices/LNXSYSTM:00/LNXSLPBN:00/input/input1
[    0.969699] ACPI: Sleep Button [SLPF]
[    0.971484] GHES: HEST is not enabled!
[    0.972972] Serial: 8250/16550 driver, 32 ports, IRQ sharing enabled
[    0.974038] ACPI: Battery Slot [BAT0] (battery present)
[    0.997462] 00:02: ttyS0 at I/O 0x3f8 (iq = 4, base_baud = 115200) is a 16550A
[    1.003466] Linux agpgart interface v0.103
[    1.008105] loop: module loaded
[    1.009999] scsi host0: ata_piix
[    1.011469] scsi host1: ata_piix
[    1.012752] ata1: PATA max UDMA/33 cmd 0x1f0 ctl 0x3f6 bmdma 0xd000 irq 14
[    1.014787] ata2: PATA max UDMA/33 cmd 0x170 ctl 0x376 bmdma 0xd008 irq 15
[    1.017404] libphy: Fixed MDIO Bus: probed
[    1.018683] tun: Universal TUN/TAP device driver, 1.6
[    1.020196] tun: (C) 1999-2004 Max Krasnyansky <maxk@qualcomm.com>
[    1.022282] PPP generic driver version 2.4.2
[    1.023729] ehci_hcd: USB 2.0 'Enhanced' Host Controller (EHCI) Driver
[    1.025807] ehci-pci: EHCI PCI platform driver
[    1.027233] ehci-platform: EHCI generic platform driver
[    1.029218] ohci_hcd: USB 1.1 'Open' Host Controller (OHCI) Driver
[    1.031314] ohci-pci: OHCI PCI platform driver
[    1.033240] ohci-platform: OHCI generic platform driver
[    1.034935] uhci_hcd: USB Universal Host Controller Interface driver
[    1.037231] i8042: PNP: PS/2 Controller [PNP0303:PS2K,PNP0f03:PS2M] at 0x60,0x64 irq 1,12
[    1.041117] serio: i8042 KBD port at 0x60,0x64 irq 1
[    1.042847] serio: i8042 AUX port at 0x60,0x64 irq 12
[    1.044637] mousedev: PS/2 mouse device common for all mice
[    1.047015] rtc_cmos rtc_cmos: rtc core: registered rtc_cmos as rtc0
[    1.049066] rtc_cmos rtc_cmos: alarms up to one day, 114 bytes nvram
[    1.051023] input: AT Translated Set 2 keyboard as /devices/platform/i8042/serio0/input/input2
[    1.054191] i2c /dev entries driver
[    1.055558] device-mapper: uevent: version 1.0.3
[    1.057314] device-mapper: ioctl: 4.34.0-ioctl (2015-10-28) initialised: dm-devel@redhat.com
[    1.059840] ledtrig-cpu: registered to indicate activity on CPUs
[    1.062272] NET: Registered protocol family 10
[    1.063876] NET: Registered protocol family 17
[    1.065338] Key type dns_resolver registered
[    1.067169] registered taskstats version 1
[    1.068634] Loading compiled-in X.509 certificates
[    1.071649] Loaded X.509 cert 'Build time autogenerated kernel key: ef3203c14e3994470d47ef6a7e15c1ade40f8e1e'
[    1.074720] zswap: loaded using pool lzo/zbud
[    1.078331] Key type trusted registered
[    1.082783] Key type encrypted registered
[    1.084048] AppArmor: AppArmor sha1 policy hashing enabled
[    1.085737] ima: No TPM chip found, activating TPM-bypass!
[    1.087500] ima: Allocated hash algorithm: sha1
[    1.089066] evm: HMAC attrs: 0x1
[    1.090725]   Magic number: 11:291:576
[    1.092315] rtc_cmos rtc_cmos: setting system clock to 2019-11-17 09:35:41 UTC (1573983341)
[    1.095044] BIOS EDD facility v0.16 2004-Jun-25, 0 devices found
[    1.096904] EDD information not available.
[    1.173725] Freeing unused kernel memory: 1488K
[    1.175135] Write protecting the kernel read-only data: 14336k
[    1.177567] Freeing unused kernel memory: 1604K
[    1.179149] Freeing unused kernel memory: 60K
Loading, please wait...
starting version 229
[    1.194529] random: systemd-udevd: uninitialized urandom read (16 bytes read, 2 bits of entropy available)
[    1.194846] random: udevadm: uninitialized urandom read (16 bytes read, 2 bits of entropy available)
[    1.194875] random: udevadm: uninitialized urandom read (16 bytes read, 2 bits of entropy available)
[    1.203657] random: systemd-udevd: uninitialized urandom read (16 bytes read, 2 bits of entropy available)
[    1.203895] random: udevadm: uninitialized urandom read (16 bytes read, 2 bits of entropy available)
[    1.203936] random: udevadm: uninitialized urandom read (16 bytes read, 2 bits of entropy available)
[    1.204076] random: udevadm: uninitialized urandom read (16 bytes read, 2 bits of entropy available)
[    1.204129] random: udevadm: uninitialized urandom read (16 bytes read, 2 bits of entropy available)
[    1.204184] random: udevadm: uninitialized urandom read (16 bytes read, 2 bits of entropy available)
[    1.204236] random: udevadm: uninitialized urandom read (16 bytes read, 2 bits of entropy available)
[    1.250234] e1000: Intel(R) PRO/1000 Network Driver - version 7.3.21-k8-NAPI
[    1.252283] e1000: Copyright (c) 1999-2006 Intel Corporation.
[    1.259606] Fusion MPT base driver 3.04.20
[    1.261093] Copyright (c) 1999-2008 LSI Corporation
[    1.273926] Fusion MPT SPI Host driver 3.04.20
[    1.289160] AVX version of gcm_enc/dec engaged.
[    1.290600] AES CTR mode by8 optimization enabled
[    1.468726] input: ImExPS/2 Generic Explorer Mouse as /devices/platform/i8042/serio1/input/input4
[    1.709138] e1000 0000:00:03.0 eth0: (PCI:33MHz:32-bit) 02:1a:6e:a3:7e:96
[    1.711147] e1000 0000:00:03.0 eth0: Intel(R) PRO/1000 Network Connection
[    2.326037] e1000 0000:00:08.0 eth1: (PCI:33MHz:32-bit) 08:00:27:be:ab:20
[    2.327985] e1000 0000:00:08.0 eth1: Intel(R) PRO/1000 Network Connection
[    2.331821] e1000 0000:00:03.0 enp0s3: renamed from eth0
[    2.333478] mptbase: ioc0: Initiating bringup
[    2.349639] e1000 0000:00:08.0 enp0s8: renamed from eth1
[    2.401421] ioc0: LSI53C1030 A0: Capabilities={Initiator}
[    2.568007] scsi host2: ioc0: LSI53C1030 A0, FwRev=00000000h, Ports=1, MaxQ=256, IRQ=20
[    2.685765] scsi 2:0:0:0: Direct-Access     VBOX     HARDDISK         1.0  PQ: 0 ANSI: 5
[    2.688661] scsi target2:0:0: Beginning Domain Validation
[    2.691501] scsi target2:0:0: Domain Validation skipping write tests
[    2.702203] scsi target2:0:0: Ending Domain Validation
[    2.703984] scsi target2:0:0: asynchronous
[    2.705940] scsi 2:0:1:0: Direct-Access     VBOX     HARDDISK         1.0  PQ: 0 ANSI: 5
[    2.708529] scsi target2:0:1: Beginning Domain Validation
[    2.711873] scsi target2:0:1: Domain Validation skipping write tests
[    2.713783] scsi target2:0:1: Ending Domain Validation
[    2.715465] scsi target2:0:1: asynchronous
[    2.724327] sd 2:0:0:0: Attached scsi generic sg0 type 0
[    2.726227] sd 2:0:0:0: [sda] 20971520 512-byte logical blocks: (10.7 GB/10.0 GiB)
[    2.728923] sd 2:0:1:0: [sdb] 20480 512-byte logical blocks: (10.5 MB/10.0 MiB)
[    2.731200] sd 2:0:1:0: Attached scsi generic sg1 type 0
[    2.732987] sd 2:0:0:0: [sda] Write Protect is off
[    2.734495] sd 2:0:0:0: [sda] Incomplete mode parameter data
[    2.736195] sd 2:0:0:0: [sda] Assuming drive cache: write through
[    2.738236] sd 2:0:1:0: [sdb] Write Protect is off
[    2.739930] sd 2:0:1:0: [sdb] Incomplete mode parameter data
[    2.741697] sd 2:0:1:0: [sdb] Assuming drive cache: write through
[    2.744235]  sda: sda1
[    2.745750] sd 2:0:0:0: [sda] Attached SCSI disk
[    2.748069] sd 2:0:1:0: [sdb] Attached SCSI disk
Begin: Loading essential drivers ... [    4.064681] md: linear personality registered for level -1
[    4.068532] md: multipath personality registered for level -4
[    4.072749] md: raid0 personality registered for level 0
[    4.077849] md: raid1 personality registered for level 1
[    4.148813] raid6: sse2x1   gen()  9043 MB/s
[    4.216615] raid6: sse2x1   xor()  7491 MB/s
[    4.284590] raid6: sse2x2   gen() 11729 MB/s
[    4.352591] raid6: sse2x2   xor()  7946 MB/s
[    4.420737] raid6: sse2x4   gen() 12683 MB/s
[    4.488546] raid6: sse2x4   xor()  9798 MB/s
[    4.489851] raid6: using algorithm sse2x4 gen() 12683 MB/s
[    4.491414] raid6: .... xor() 9798 MB/s, rmw enabled
[    4.492981] raid6: using ssse3x2 recovery algorithm
[    4.496061] xor: automatically using best checksumming function:
[    4.536932]    avx       : 27460.000 MB/sec
[    4.540575] async_tx: api initialized (async)
[    4.553907] md: raid6 personality registered for level 6
[    4.555507] md: raid5 personality registered for level 5
[    4.557254] md: raid4 personality registered for level 4
[    4.565178] md: raid10 personality registered for level 10
done.
Begin: Running /scripts/init-premount ... done.
Begin: Mounting root file system ... Begin: Running /scripts/local-top ... done.
Begin: Running /scripts/local-premount ... [    4.600084] Btrfs loaded
Scanning for Btrfs filesystems
done.
Warning: fsck not present, so skipping root file system
[    4.633486] EXT4-fs (sda1): mounted filesystem with ordered data mode. Opts: (null)
done.
Begin: Running /scripts/local-bottom ... done.
Begin: Running /scripts/init-bottom ... done.
[    4.725049] systemd[1]: systemd 229 running in system mode. (+PAM +AUDIT +SELINUX +IMA +APPARMOR +SMACK +SYSVINIT +UTMP +LIBCRYPTSETUP +GCRYPT +GNUTLS +ACL +XZ -LZ4 +SECCOMP +BLKID +ELFUTILS +KMOD -IDN)
[    4.730141] systemd[1]: Detected virtualization oracle.
[    4.731747] systemd[1]: Detected architecture x86-64.

Welcome to [1mUbuntu 16.04.6 LTS[0m!

[    4.735620] systemd[1]: Set hostname to <ubuntu>.
[    4.745442] systemd[1]: Initializing machine ID from random generator.
[    4.747353] systemd[1]: Installed transient /etc/machine-id file.
[    4.868019] systemd[1]: Listening on udev Control Socket.
[[0;32m  OK  [0m] Listening on udev Control Socket.
[    4.877021] systemd[1]: Listening on LVM2 poll daemon socket.
[[0;32m  OK  [0m] Listening on LVM2 poll daemon socket.
[    4.885075] systemd[1]: Reached target Swap.
[[0;32m  OK  [0m] Reached target Swap.
[    4.887602] systemd[1]: Listening on Device-mapper event daemon FIFOs.
[[0;32m  OK  [0m] Listening on Device-mapper event daemon FIFOs.
[    4.890974] systemd[1]: Started Trigger resolvconf update for networkd DNS.
[[0;32m  OK  [0m] Started Trigger resolvconf update for networkd DNS.
[    4.894816] systemd[1]: Listening on Journal Socket.
[[0;32m  OK  [0m] Listening on Journal Socket.
[    4.905771] systemd[1]: Created slice User and Session Slice.
[[0;32m  OK  [0m] Created slice User and Session Slice.
[    4.908972] systemd[1]: Listening on Journal Socket (/dev/log).
[[0;32m  OK  [0m] Listening on Journal Socket (/dev/log).
[    4.912489] systemd[1]: Started Forward Password Requests to Wall Directory Watch.
[[0;32m  OK  [0m] Started Forward Password Requests to Wall Directory Watch.
[    4.917618] systemd[1]: Reached target System Time Synchronized.
[[0;32m  OK  [0m] Reached target System Time Synchronized.
[    4.920936] systemd[1]: Reached target User and Group Name Lookups.
[[0;32m  OK  [0m] Reached target User and Group Name Lookups.
[    4.929584] systemd[1]: Listening on Journal Audit Socket.
[[0;32m  OK  [0m] Listening on Journal Audit Socket.
[    4.933071] systemd[1]: Created slice System Slice.
[[0;32m  OK  [0m] Created slice System Slice.
[    4.952864] systemd[1]: Starting Set console keymap...
         Starting Set console keymap...
[    4.956802] systemd[1]: Starting Nameserver information manager...
         Starting Nameserver information manager...
[    4.965313] systemd[1]: Reached target Slices.
[[0;32m  OK  [0m] Reached target Slices.
[    4.968165] systemd[1]: Starting Create list of required static device nodes for the current kernel...
         Starting Create list of required st... nodes for the current kernel...
[    4.973665] systemd[1]: Mounting Debug File System...
         Mounting Debug File System...
[    4.977177] systemd[1]: Starting Uncomplicated firewall...
         Starting Uncomplicated firewall...
[    4.982071] systemd[1]: Mounting Huge Pages File System...
         Mounting Huge Pages File System...
[    4.987633] systemd[1]: Mounting POSIX Message Queue File System...
         Mounting POSIX Message Queue File System...
[    4.992336] systemd[1]: Starting Remount Root and Kernel File Systems...
         Starting Remount Root and Kernel File Systems...
[    4.998377] EXT4-fs (sda1): re-mounted. Opts: (null)
[    5.001709] systemd[1]: Created slice system-serial\x2dgetty.slice.
[[0;32m  OK  [0m] Created slice system-serial\x2dgetty.slice.
[    5.005258] systemd[1]: Listening on LVM2 metadata daemon socket.
[[0;32m  OK  [0m] Listening on LVM2 metadata daemon socket.
[    5.021438] systemd[1]: Starting Monitoring of LVM2 mirrors, snapshots etc. using dmeventd or progress polling...
         Starting Monitoring of LVM2 mirrors... dmeventd or progress polling...
[    5.032916] systemd[1]: Listening on Syslog Socket.
[[0;32m  OK  [0m] Listening on Syslog Socket.
[    5.036204] systemd[1]: Listening on /dev/initctl Compatibility Named Pipe.
[[0;32m  OK  [0m] Listening on /dev/initctl Compatibility Named Pipe.
[    5.040270] systemd[1]: Listening on udev Kernel Socket.
[[0;32m  OK  [0m] Listening on udev Kernel Socket.
[    5.057397] systemd[1]: Starting Load Kernel Modules...
         Starting Load Kernel Modules...
[    5.061021] systemd[1]: Starting Journal Service...
         Starting Journal Service...
[    5.066274] systemd[1]: Reached target Encrypted Volumes.
[[0;32m  OK  [0m] Reached target Encrypted Volumes.
[    5.071060] systemd[1]: Set up automount Arbitrary Executable File Formats File System Automount Point.
[    5.074687] Loading iSCSI transport class v2.0-870.
[[0;32m  OK  [0m] Set up automount Arbitrary Executab...ats File System Automount Point.
[    5.082793] systemd[1]: Mounted POSIX Message Queue File System.
[[0;32m  OK  [0m] Mounted POSIX Message Queue File System.
[    5.086589] systemd[1]: Mounted Debug File System.
[[0;32m  OK  [0m] Mounted Debug File System.

    5.089691] iscsi: registered transport (tcp)
[    5.089797] systemd[1]: Mounted Huge Pages File System.
[[0;32m  OK  [0m] Mounted Huge Pages File System.
[    5.094963] systemd[1]: Started Set console keymap.
[[0;32m  OK  [0m] Started Set console keymap.
[    5.099382] systemd[1]: Started Create list of required static device nodes for the current kernel.
[[0;32m  OK  [0m] Started Create list of required sta...ce nodes for the current kernel.
[    5.107984] systemd[1]: Started Uncomplicated firewall.
[[0;32m  OK  [0m] Started Uncomplicated firewall.
[    5.118771] systemd[1]: Started Remount Root and Kernel File Systems.
[[0;32m  OK  [0m] Started Remount Root and Kernel File Systems.
[    5.125916] iscsi: registered transport (iser)
[    5.133249] systemd[1]: Started Nameserver information manager.
[[0;32m  OK  [0m] Started Nameserver information manager.
[    5.138038] systemd[1]: Started Load Kernel Modules.
[[0;32m  OK  [0m] Started Load Kernel Modules.
[    5.143333] systemd[1]: Started Journal Service.
[[0;32m  OK  [0m] Started Journal Service.
[[0;32m  OK  [0m] Started LVM2 metadata daemon.
         Starting Apply Kernel Variables...
         Mounting FUSE Control File System...
         Starting Load/Save Random Seed...
         Starting Flush Journal to Persistent Storage...
         Starting udev Coldplug all Devices...
         Starting Create Static Device Nodes in /dev...
[[0;32m  OK  [0m] Mounted FUSE Control File System.
[[0;32m  OK  [0m] Started Apply Kernel Variables.
[[0;32m  OK  [0m] Started Load/Save Random Seed.
[[0;32m  OK  [0m] Started Create Static Device Nodes in /dev.
[[0;32m  OK  [0m] Started udev Coldplug all Devices.
[[0;32m  OK  [0m] Started Flush Journal to Persistent Storage.
         Starting udev Kernel Device Manager...
[[0;32m  OK  [0m] Started udev Kernel Device Manager.
[[0;32m  OK  [0m] Started Dispatch Password Requests to Console Directory Watch.
[[0;32m  OK  [0m] Started Monitoring of LVM2 mirrors,...ng dmeventd or progress polling.
[[0;32m  OK  [0m] Reached target Local File Systems (Pre).
[[0;32m  OK  [0m] Reached target Local File Systems.
         Starting Commit a transient machine-id on disk...
         Starting LSB: AppArmor initialization...
         Starting Initial cloud-init job (pre-networking)...
         Starting Tell Plymouth To Write Out Runtime Data...
         Starting Set console font and keymap...
         Starting Create Volatile Files and Directories...
[[0;32m  OK  [0m] Started Tell Plymouth To Write Out Runtime Data.
[[0;32m  OK  [0m] Started Commit a transient machine-id on disk.
[[0;32m  OK  [0m] Started Create Volatile Files and Directories.
         Starting Update UTMP about System Boot/Shutdown...
[[0;32m  OK  [0m] Started Update UTMP about System Boot/Shutdown.
[[0;32m  OK  [0m] Found device /dev/ttyS0.
[[0;32m  OK  [0m] Listening on Load/Save RF Kill Switch Status /dev/rfkill Watch.
[    6.433633] cloud-init[484]: Cloud-init v. 19.2-36-g059d049c-0ubuntu2~16.04.1 running 'init-local' at Sun, 17 Nov 2019 09:35:46 +0000. Up 5.97 seconds.
[[0;32m  OK  [0m] Started LSB: AppArmor initialization.
[[0;32m  OK  [0m] Started Initial cloud-init job (pre-networking).
[[0;32m  OK  [0m] Reached target Network (Pre).
         Starting Raise network interfaces...
[[0;32m  OK  [0m] Started Set console font and keymap.
[[0;32m  OK  [0m] Created slice system-getty.slice.
[[0;32m  OK  [0m] Started Raise network interfaces.
[[0;32m  OK  [0m] Reached target Network.
         Starting Initial cloud-init job (metadata service crawler)...
[    7.922972] cloud-init[965]: Cloud-init v. 19.2-36-g059d049c-0ubuntu2~16.04.1 running 'init' at Sun, 17 Nov 2019 09:35:48 +0000. Up 7.40 seconds.
[    7.926331] cloud-init[965]: ci-info: ++++++++++++++++++++++++++++++++++++++Net device info+++++++++++++++++++++++++++++++++++++++
[    7.929157] cloud-init[965]: ci-info: +--------+-------+----------------------------+---------------+--------+-------------------+
[    7.931672] cloud-init[965]: ci-info: | Device |   Up  |          Address           |      Mask     | Scope  |     Hw-Address    |
[    7.934513] cloud-init[965]: ci-info: +--------+-------+----------------------------+---------------+--------+-------------------+
[    7.940513] cloud-init[965]: ci-info: | enp0s3 |  True |         10.0.2.15          | 255.255.255.0 | global | 02:1a:6e:a3:7e:96 |
[    7.943384] cloud-init[965]: ci-info: | enp0s3 |  True | fe80::1a:6eff:fea3:7e96/64 |       .       |  link  | 02:1a:6e:a3:7e:96 |
[    7.946459] cloud-init[965]: ci-info: | enp0s8 | False |             .              |       .       |   .    | 08:00:27:be:ab:20 |
[    7.952322] cloud-init[965]: ci-info: |   lo   |  True |         127.0.0.1          |   255.0.0.0   |  host  |         .         |
[    7.956430] cloud-init[965]: ci-info: |   lo   |  True |          ::1/128           |       .       |  host  |         .         |
[    7.960456] cloud-init[965]: ci-info: +--------+-------+----------------------------+---------------+--------+-------------------+
[    7.962801] cloud-init[965]: ci-info: +++++++++++++++++++++++++++Route IPv4 info++++++++++++++++++++++++++++
[    7.965253] cloud-init[965]: ci-info: +-------+-------------+----------+---------------+-----------+-------+
[    7.968365] cloud-init[965]: ci-info: | Route | Destination | Gateway  |    Genmask    | Interface | Flags |
[    7.976638] cloud-init[965]: ci-info: +-------+-------------+----------+---------------+-----------+-------+
[    7.978900] cloud-init[965]: ci-info: |   0   |   0.0.0.0   | 10.0.2.2 |    0.0.0.0    |   enp0s3  |   UG  |
[    7.981085] cloud-init[965]: ci-info: |   1   |   10.0.2.0  | 0.0.0.0  | 255.255.255.0 |   enp0s3  |   U   |
[    7.984237] cloud-init[965]: ci-info: +-------+-------------+----------+---------------+-----------+-------+
[    7.992823] cloud-init[965]: ci-info: +++++++++++++++++++Route IPv6 info+++++++++++++++++++
[    7.994639] cloud-init[965]: ci-info: +-------+-------------+---------+-----------+-------+
[    7.996677] cloud-init[965]: ci-info: | Route | Destination | Gateway | Interface | Flags |
[    8.004912] cloud-init[965]: ci-info: +-------+-------------+---------+-----------+-------+
[[0;32m  OK  [0m] Started Initial cloud-init job (metadata service crawler).
[    8.005191] cloud-init[965]: ci-info: |   0   |  fe80::/64  |    ::   |   enp0s3  |   U   |
[    8.010405] cloud-init[965]: ci-info: |   3   |   ff00::/8  |    ::   |   enp0s3  |   U   |
[    8.016293] cloud-init[965]: ci-info: +-------+-------------+---------+-----------+-------+
[    8.021317] cloud-init[965]: Generating public/private rsa key pair.
[    8.021530] cloud-init[965]: Your identification has been saved in /etc/ssh/ssh_host_rsa_key.
[    8.023488] cloud-init[965]: Your public key has been saved in /etc/ssh/ssh_host_rsa_key.pub.
[    8.024074] cloud-init[965]: The key fingerprint is:
[    8.028360] cloud-init[965]: SHA256:1zgo3nlmEEmHDeXPzg0pBI+Og8EHegx3qi68VSwV5r4 root@ubuntu-xenial
[    8.029107] cloud-init[965]: The key's randomart image is:
[    8.032717] cloud-init[965]: +---[RSA 2048]----+
[    8.033489] cloud-init[965]: |  . oo. +=o      |
[    8.034929] cloud-init[965]: |   *o+...B.      |
[    8.035352] cloud-init[965]: |  . *o. + +      |
[    8.036850] cloud-init[965]: |   o++ o + = .   |
[[0;32m  OK  [0m] Reached target Network is Online.
[    8.037611] cloud-init[965]: |  ...++ S = *    |
[    8.040447] cloud-init[965]: |..  o..+ + = o   |
[    8.040696] cloud-init[965]: |.... E. o + o .  |
[    8.043317] cloud-init[965]: | .o      +       |
[    8.052530] cloud-init[965]: | .               |
[    8.054053] cloud-init[965]: +----[SHA256]-----+
[    8.055541] cloud-init[965]: Generating public/private dsa key pair.
[    8.057482] cloud-init[965]: Your identification has been saved in /etc/ssh/ssh_host_dsa_key.
[    8.057790] cloud-init[965]: Your public key has been saved in /etc/ssh/ssh_host_dsa_key.pub.
         Starting iSCSI initiator daemon (iscsid)...
[[    8.059518] [0;32m  OK  [0mcloud-init] [965]: Reached target Cloud-config availability.The key fingerprint is:

[    8.065380] cloud-init[965]: SHA256:OCHykwZgsBaNzRhwlzD6WUskAk+ZlMLNkxEnMI2LlR8 root@ubuntu-xenial
[    8.067519] cloud-init[965]: The key's randomart image is:
[    8.069296] cloud-init[965]: +---[DSA 1024]----+
[    8.069539] cloud-init[965]: |@B^X*o           |
[    8.070920] cloud-init[965]: |o&O#E            |
[    8.071716] cloud-init[965]: |++=.=..          |
[    8.073033] cloud-init[965]: |oo B.+ o         |
[    8.073817] cloud-init[965]: |  o * o S        |
[    8.075225] cloud-init[965]: |   . . .         |
[    8.076415] cloud-init[965]: |                 |
[    8.077213] cloud-init[965]: |                 |
[    8.078609] cloud-init[965]: |                 |
[    8.079420] cloud-init[965]: +----[SHA256]-----+
[    8.080873] cloud-init[965]: Generating public/private ecdsa key pair.
[    8.081672] cloud-init[965]: Your identification has been saved in /etc/ssh/ssh_host_ecdsa_key.
[    8.083582] cloud-init[965]: Your public key has been saved in /etc/ssh/ssh_host_ecdsa_key.pub.
[    8.085978] cloud-init[965]: The key fingerprint is:
[    8.087924] cloud-init[965]: SHA256:a/aXvw6BQnOMSfhq+sVx+/XIAXqEuAQFyCOvSSDBqgI root@ubuntu-xenial
[    8.088859] cloud-init[965]: The key's randomart image is:
[    8.091535] cloud-init[965]: +---[ECDSA 256]---+
[    8.092370] cloud-init[965]: |o. . ..oo        |
[    8.093784] cloud-init[965]: |o.. + .o +       |
[    8.094570] cloud-init[965]: |o. o ...= o      |
[    8.096125] cloud-init[965]: |E . .  o.+ o     |
[    8.097028] cloud-init[965]: |o. o   .S + +    |
[    8.098851] cloud-init[965]: |o o   oo * + o   |
[    8.098910] cloud-init[965]: |.    o  B o o.o  |
[    8.100371] cloud-init[965]: |    .  + . oo+ + |
[    8.101163] cloud-init[965]: |     ..   ...o*..|
[    8.102568] cloud-init[965]: +----[SHA256]-----+
[    8.103362] cloud-init[965]: Generating public/private ed25519 key pair.
[    8.104823] cloud-init[965]: Your identification has been saved in /etc/ssh/ssh_host_ed25519_key.
[    8.105192] cloud-init[965]: Your public key has been saved in /etc/ssh/ssh_host_ed25519_key.pub.
[    8.108919] cloud-init[965]: The key fingerprint is:
[    8.110686] cloud-init[965]: SHA256:4/P3QAx62xF1nKmnNpV75Vfpz8z4+Bj+jlKYOPR11D0 root@ubuntu-xenial
[    8.111594] cloud-init[965]: The key's randomart image is:
[    8.114275] cloud-init[965]: +--[ED25519 256]--+
[    8.114369] cloud-init[965]: |              ..*|
[    8.114411] cloud-init[965]: |             . E=|
[    8.115681] cloud-init[965]: |          . . ..+|
[    8.118024] cloud-init[965]: |         ..o o.=+|
[    8.118210] cloud-init[965]: |        S..o++=o+|
[    8.119668] cloud-init[965]: |       . oo++=.o+|
[    8.120510] cloud-init[965]: |        o ..+.o=+|
[    8.121920] cloud-init[965]: |         o  oo.==|
[    8.122695] cloud-init[965]: |          .. o*==|
[    8.124130] cloud-init[965]: +----[SHA256]-----+
[[0;32m  OK  [0m] Reached target System Initialization.
[[0;32m  OK  [0m] Listening on ACPID Listen Socket.
         Starting Socket activation for snappy daemon.
         Starting LXD - unix socket.
[[0;32m  OK  [0m] Started Message of the Day.
[[0;32m  OK  [0m] Listening on UUID daemon activation socket.
[[0;32m  OK  [0m] Started Daily apt download activities.
[[0;32m  OK  [0m] Started Daily apt upgrade and clean activities.
[[0;32m  OK  [0m] Started Daily Cleanup of Temporary Directories.
[[0;32m  OK  [0m] Reached target Timers.
[[0;32m  OK  [0m] Listening on D-Bus System Message Bus Socket.
[[0;32m  OK  [0m] Started ACPI Events Check.
[[0;32m  OK  [0m] Reached target Paths.
[[0;32m  OK  [0m] Listening on Socket activation for snappy daemon.
[[0;32m  OK  [0m] Listening on LXD - unix socket.
[[0;32m  OK  [0m] Started iSCSI initiator daemon (iscsid).
         Starting Login to default iSCSI targets...
[[0;32m  OK  [0m] Reached target Sockets.
[[0;32m  OK  [0m] Reached target Basic System.
[[0;32m  OK  [0m] Started Regular background program processing daemon.
         Starting Login Service...
[[0;32m  OK  [0m] Started ACPI event daemon.
         Starting Virtualbox guest utils...
         Starting LSB: Record successful boot for GRUB...
[[0;32m  OK  [0m] Started D-Bus System Message Bus.
         Starting System Logging Service...
         Starting Accounts Service...
[[0;32m  OK  [0m] Started Deferred execution scheduler.
         Starting Pollinate to seed the pseudo random number generator...
         Starting LSB: MD monitoring daemon...
[[0;32m  OK  [0m] Started FUSE filesystem for LXC.
         Starting LXD - container startup/shutdown...
         Starting /etc/rc.local Compatibility...
         Starting Snappy daemon...
[[0;32m  OK  [0m] Started /etc/rc.local Compatibility.
[[0;32m  OK  [0m] Started System Logging Service.
[[0;32m  OK  [0m] Started Login to default iSCSI targets.
[[0;32m  OK  [0m] Started LSB: Record successful boot for GRUB.
[[0;32m  OK  [0m] Started LSB: MD monitoring daemon.
[[0;32m  OK  [0m] Started Login Service.
[[0;32m  OK  [0m] Started Unattended Upgrades Shutdown.
         Starting Authenticate and Authorize Users to Run Privileged Tasks...
[[0;32m  OK  [0m] Reached target Remote File Systems (Pre).
[[0;32m  OK  [0m] Reached target Remote File Systems.
         Starting LSB: daemon to balance interrupts for SMP systems...
         Starting LSB: Set the CPU Frequency Scaling governor to "ondemand"...
         Starting LSB: automatic crash report generation...
         Starting Permit User Sessions...
[[0;32m  OK  [0m] Started Virtualbox guest utils.
[[0;32m  OK  [0m] Started LXD - container startup/shutdown.
[[0;32m  OK  [0m] Started Permit User Sessions.
[[0;32m  OK  [0m] Started Authenticate and Authorize Users to Run Privileged Tasks.
[[0;32m  OK  [0m] Started Accounts Service.
         Starting Hold until boot process finishes up...
         Starting Terminate Plymouth Boot Screen...
[[0;32m  OK  [0m] Started LSB: daemon to balance interrupts for SMP systems.
[[0;32m  OK  [0m] Started LSB: Set the CPU Frequency Scaling governor to "ondemand".
[[0;32m  OK  [0m] Started Hold until boot process finishes up.
[[0;32m  OK  [0m] Started Terminate Plymouth Boot Screen.
[[0;32m  OK  [0m] Started LSB: automatic crash report generation.
         Starting Set console scheme...
[[0;32m  OK  [0m] Started Serial Getty on ttyS0.
[[0;32m  OK  [0m] Started Getty on tty1.
[[0;32m  OK  [0m] Reached target Login Prompts.
[[0;32m  OK  [0m] Started Set console scheme.
[[0;32m  OK  [0m] Started Snappy daemon.
         Starting Wait until snapd is fully seeded...
[[0;32m  OK  [0m] Started Pollinate to seed the pseudo random number generator.
         Starting OpenBSD Secure Shell server...
[[0;32m  OK  [0m] Started OpenBSD Secure Shell server.
[[0;32m  OK  [0m] Started Wait until snapd is fully seeded.
         Starting Apply the settings specified in cloud-config...
[[0;32m  OK  [0m] Reached target Multi-User System.
[[0;32m  OK  [0m] Reached target Graphical Interface.
         Starting Update UTMP about System Runlevel Changes...
[[0;32m  OK  [0m] Started Update UTMP about System Runlevel Changes.
[   11.609826] cloud-init[1316]: Generating locales (this might take a while)...
[[0;32m  OK  [0m] Created slice User Slice of vagrant.
         Starting User Manager for UID 1000...
[[0;32m  OK  [0m] Started Session 1 of user vagrant.
[[0;32m  OK  [0m] Started User Manager for UID 1000.
[   12.464458] cloud-init[1316]:   en_US.UTF-8... done
[   12.467203] cloud-init[1316]: Generation complete.
[   12.821786] cloud-init[1316]: Cloud-init v. 19.2-36-g059d049c-0ubuntu2~16.04.1 running 'modules:config' at Sun, 17 Nov 2019 09:35:52 +0000. Up 11.51 seconds.
[[0;32m  OK  [0m] Started Apply the settings specified in cloud-config.
         Starting Execute cloud user/final scripts...
ci-info: no authorized ssh keys fingerprints found for user ubuntu.
<14>Nov 17 09:35:54 ec2: 
<14>Nov 17 09:35:54 ec2: #############################################################
<14>Nov 17 09:35:54 ec2: -----BEGIN SSH HOST KEY FINGERPRINTS-----
<14>Nov 17 09:35:54 ec2: 1024 SHA256:OCHykwZgsBaNzRhwlzD6WUskAk+ZlMLNkxEnMI2LlR8 root@ubuntu-xenial (DSA)
<14>Nov 17 09:35:54 ec2: 256 SHA256:a/aXvw6BQnOMSfhq+sVx+/XIAXqEuAQFyCOvSSDBqgI root@ubuntu-xenial (ECDSA)
<14>Nov 17 09:35:54 ec2: 256 SHA256:4/P3QAx62xF1nKmnNpV75Vfpz8z4+Bj+jlKYOPR11D0 root@ubuntu-xenial (ED25519)
<14>Nov 17 09:35:54 ec2: 2048 SHA256:1zgo3nlmEEmHDeXPzg0pBI+Og8EHegx3qi68VSwV5r4 root@ubuntu-xenial (RSA)
<14>Nov 17 09:35:54 ec2: -----END SSH HOST KEY FINGERPRINTS-----
<14>Nov 17 09:35:54 ec2: #############################################################
-----BEGIN SSH HOST KEY KEYS-----
ecdsa-sha2-nistp256 AAAAE2VjZHNhLXNoYTItbmlzdHAyNTYAAAAIbmlzdHAyNTYAAABBBGN3DwCuJHRIA5RfMjejsAb085QQuGoku1ckj6r0ZCPIod0JH6JaTt8M5DH09nx2gyqs78BIodjmd1kdIvtM1Qw= root@ubuntu-xenial
ssh-ed25519 AAAAC3NzaC1lZDI1NTE5AAAAINMXThh3x02DdmlrI/8FjNvPsQOLPcfDvxg3Z3XWqMvM root@ubuntu-xenial
ssh-rsa AAAAB3NzaC1yc2EAAAADAQABAAABAQDpXDizs/Nl4SNCWr15HavHBnlm1YT2alB9Vi+wqjdbv7sLCAyQMo27i2ndnVZfjuhtv9jYHVXgDvcVgUNXyORJpqrrgA8dpnZ6w7UhDkvDngAERBCb9H6Urbj5sMJxHePl7H3PZPrnbw4WffJVVATqjsXUI8HuCWJWzHd+ve0Ow4BaS5t+oRrwnWJidslACS6SKsxROIMLgkARiJ5td+5POgbIFTqhhfQaS3MLR1cmyWahW9MemMP8ZBuOYoEEpraudfxvfFKXbHZqrfnMxEq5dr6/uM5b4H+/N3Ov+N5T8hMU1x0kvrv4CDOv+JIjdWhIAGj+13Kd6XFxH8RVAM3b root@ubuntu-xenial
-----END SSH HOST KEY KEYS-----
[   13.412929] cloud-init[1436]: Cloud-init v. 19.2-36-g059d049c-0ubuntu2~16.04.1 running 'modules:final' at Sun, 17 Nov 2019 09:35:53 +0000. Up 13.25 seconds.
[   13.415943] cloud-init[1436]: ci-info: no authorized ssh keys fingerprints found for user ubuntu.
[   13.418206] cloud-init[1436]: Cloud-init v. 19.2-36-g059d049c-0ubuntu2~16.04.1 finished at Sun, 17 Nov 2019 09:35:54 +0000. Datasource DataSourceNoCloud [seed=/dev/sdb][dsmode=net].  Up 13.40 seconds
[[0;32m  OK  [0m] Started Execute cloud user/final scripts.
[[0;32m  OK  [0m] Reached target Cloud-init target.

Ubuntu 16.04.6 LTS ubuntu-xenial ttyS0

ubuntu-xenial login: 